<?xml version="1.0" encoding="UTF-8"?>
<testng-results skipped="0" failed="0" total="12" passed="12">
  <reporter-output>
  </reporter-output>
  <suite name="Default suite" duration-ms="89" started-at="2021-04-21T14:46:39Z" finished-at="2021-04-21T14:46:40Z">
    <groups>
    </groups>
    <test name="Default test" duration-ms="89" started-at="2021-04-21T14:46:39Z" finished-at="2021-04-21T14:46:40Z">
      <class name="TestClass">
        <test-method status="PASS" signature="init()[pri:0, instance:TestClass@548b7f67]" name="init" is-config="true" duration-ms="0" started-at="2021-04-21T20:16:39Z" finished-at="2021-04-21T20:16:39Z">
          <reporter-output>
          </reporter-output>
        </test-method> <!-- init -->
        <test-method status="PASS" signature="Multiple_negetive_Number_Input()[pri:0, instance:TestClass@548b7f67]" name="Multiple_negetive_Number_Input" duration-ms="5" started-at="2021-04-21T20:16:40Z" finished-at="2021-04-21T20:16:40Z">
          <exception class="java.lang.Exception">
            <message>
              <![CDATA[negatives not allowed]]>
            </message>
            <full-stacktrace>
              <![CDATA[java.lang.Exception: negatives not allowed
	at StringCalculator.getSum(StringCalculator.java:53)
	at StringCalculator.Add(StringCalculator.java:8)
	at TestClass.Multiple_negetive_Number_Input(TestClass.java:59)
	at sun.reflect.NativeMethodAccessorImpl.invoke0(Native Method)
	at sun.reflect.NativeMethodAccessorImpl.invoke(Unknown Source)
	at sun.reflect.DelegatingMethodAccessorImpl.invoke(Unknown Source)
	at java.lang.reflect.Method.invoke(Unknown Source)
	at org.testng.internal.MethodInvocationHelper.invokeMethod(MethodInvocationHelper.java:100)
	at org.testng.internal.Invoker.invokeMethod(Invoker.java:646)
	at org.testng.internal.Invoker.invokeTestMethod(Invoker.java:811)
	at org.testng.internal.Invoker.invokeTestMethods(Invoker.java:1137)
	at org.testng.internal.TestMethodWorker.invokeTestMethods(TestMethodWorker.java:129)
	at org.testng.internal.TestMethodWorker.run(TestMethodWorker.java:112)
	at org.testng.TestRunner.privateRun(TestRunner.java:753)
	at org.testng.TestRunner.run(TestRunner.java:607)
	at org.testng.SuiteRunner.runTest(SuiteRunner.java:368)
	at org.testng.SuiteRunner.runSequentially(SuiteRunner.java:363)
	at org.testng.SuiteRunner.privateRun(SuiteRunner.java:321)
	at org.testng.SuiteRunner.run(SuiteRunner.java:270)
	at org.testng.SuiteRunnerWorker.runSuite(SuiteRunnerWorker.java:52)
	at org.testng.SuiteRunnerWorker.run(SuiteRunnerWorker.java:86)
	at org.testng.TestNG.runSuitesSequentially(TestNG.java:1284)
	at org.testng.TestNG.runSuitesLocally(TestNG.java:1209)
	at org.testng.TestNG.runSuites(TestNG.java:1124)
	at org.testng.TestNG.run(TestNG.java:1096)
	at org.testng.remote.AbstractRemoteTestNG.run(AbstractRemoteTestNG.java:132)
	at org.testng.remote.RemoteTestNG.initAndRun(RemoteTestNG.java:236)
	at org.testng.remote.RemoteTestNG.main(RemoteTestNG.java:81)
]]>
            </full-stacktrace>
          </exception> <!-- java.lang.Exception -->
          <reporter-output>
          </reporter-output>
        </test-method> <!-- Multiple_negetive_Number_Input -->
        <test-method status="PASS" signature="adding_Single_Number_itself()[pri:0, instance:TestClass@548b7f67]" name="adding_Single_Number_itself" duration-ms="3" started-at="2021-04-21T20:16:40Z" finished-at="2021-04-21T20:16:40Z">
          <reporter-output>
          </reporter-output>
        </test-method> <!-- adding_Single_Number_itself -->
        <test-method status="PASS" signature="adding_Two_Numbers_With_Greater_Than_1000()[pri:0, instance:TestClass@548b7f67]" name="adding_Two_Numbers_With_Greater_Than_1000" duration-ms="16" started-at="2021-04-21T20:16:40Z" finished-at="2021-04-21T20:16:40Z">
          <reporter-output>
          </reporter-output>
        </test-method> <!-- adding_Two_Numbers_With_Greater_Than_1000 -->
        <test-method status="PASS" signature="adding_Three_Numbers()[pri:0, instance:TestClass@548b7f67]" name="adding_Three_Numbers" duration-ms="0" started-at="2021-04-21T20:16:40Z" finished-at="2021-04-21T20:16:40Z">
          <reporter-output>
          </reporter-output>
        </test-method> <!-- adding_Three_Numbers -->
        <test-method status="PASS" signature="adding_Two_Numbers_Separated_By_Comma()[pri:0, instance:TestClass@548b7f67]" name="adding_Two_Numbers_Separated_By_Comma" duration-ms="0" started-at="2021-04-21T20:16:40Z" finished-at="2021-04-21T20:16:40Z">
          <reporter-output>
          </reporter-output>
        </test-method> <!-- adding_Two_Numbers_Separated_By_Comma -->
        <test-method status="PASS" signature="adding_Two_Numbers_StartWith_double_Slash()[pri:0, instance:TestClass@548b7f67]" name="adding_Two_Numbers_StartWith_double_Slash" duration-ms="0" started-at="2021-04-21T20:16:40Z" finished-at="2021-04-21T20:16:40Z">
          <reporter-output>
          </reporter-output>
        </test-method> <!-- adding_Two_Numbers_StartWith_double_Slash -->
        <test-method status="PASS" signature="multiple_delimiters_with_More_Than_One_length_()[pri:0, instance:TestClass@548b7f67]" name="multiple_delimiters_with_More_Than_One_length_" duration-ms="0" started-at="2021-04-21T20:16:40Z" finished-at="2021-04-21T20:16:40Z">
          <reporter-output>
          </reporter-output>
        </test-method> <!-- multiple_delimiters_with_More_Than_One_length_ -->
        <test-method status="PASS" signature="delimiters_of_any_length()[pri:0, instance:TestClass@548b7f67]" name="delimiters_of_any_length" duration-ms="0" started-at="2021-04-21T20:16:40Z" finished-at="2021-04-21T20:16:40Z">
          <reporter-output>
          </reporter-output>
        </test-method> <!-- delimiters_of_any_length -->
        <test-method status="PASS" signature="adding_Two_Numbers_With_NewLine()[pri:0, instance:TestClass@548b7f67]" name="adding_Two_Numbers_With_NewLine" duration-ms="0" started-at="2021-04-21T20:16:40Z" finished-at="2021-04-21T20:16:40Z">
          <reporter-output>
          </reporter-output>
        </test-method> <!-- adding_Two_Numbers_With_NewLine -->
        <test-method status="PASS" signature="empty_String_ReturnZero()[pri:0, instance:TestClass@548b7f67]" name="empty_String_ReturnZero" duration-ms="0" started-at="2021-04-21T20:16:40Z" finished-at="2021-04-21T20:16:40Z">
          <reporter-output>
          </reporter-output>
        </test-method> <!-- empty_String_ReturnZero -->
        <test-method status="PASS" signature="negetive_Number_Input()[pri:0, instance:TestClass@548b7f67]" name="negetive_Number_Input" duration-ms="0" started-at="2021-04-21T20:16:40Z" finished-at="2021-04-21T20:16:40Z">
          <exception class="java.lang.Exception">
            <message>
              <![CDATA[negatives not allowed]]>
            </message>
            <full-stacktrace>
              <![CDATA[java.lang.Exception: negatives not allowed
	at StringCalculator.getSum(StringCalculator.java:53)
	at StringCalculator.Add(StringCalculator.java:8)
	at TestClass.negetive_Number_Input(TestClass.java:54)
	at sun.reflect.NativeMethodAccessorImpl.invoke0(Native Method)
	at sun.reflect.NativeMethodAccessorImpl.invoke(Unknown Source)
	at sun.reflect.DelegatingMethodAccessorImpl.invoke(Unknown Source)
	at java.lang.reflect.Method.invoke(Unknown Source)
	at org.testng.internal.MethodInvocationHelper.invokeMethod(MethodInvocationHelper.java:100)
	at org.testng.internal.Invoker.invokeMethod(Invoker.java:646)
	at org.testng.internal.Invoker.invokeTestMethod(Invoker.java:811)
	at org.testng.internal.Invoker.invokeTestMethods(Invoker.java:1137)
	at org.testng.internal.TestMethodWorker.invokeTestMethods(TestMethodWorker.java:129)
	at org.testng.internal.TestMethodWorker.run(TestMethodWorker.java:112)
	at org.testng.TestRunner.privateRun(TestRunner.java:753)
	at org.testng.TestRunner.run(TestRunner.java:607)
	at org.testng.SuiteRunner.runTest(SuiteRunner.java:368)
	at org.testng.SuiteRunner.runSequentially(SuiteRunner.java:363)
	at org.testng.SuiteRunner.privateRun(SuiteRunner.java:321)
	at org.testng.SuiteRunner.run(SuiteRunner.java:270)
	at org.testng.SuiteRunnerWorker.runSuite(SuiteRunnerWorker.java:52)
	at org.testng.SuiteRunnerWorker.run(SuiteRunnerWorker.java:86)
	at org.testng.TestNG.runSuitesSequentially(TestNG.java:1284)
	at org.testng.TestNG.runSuitesLocally(TestNG.java:1209)
	at org.testng.TestNG.runSuites(TestNG.java:1124)
	at org.testng.TestNG.run(TestNG.java:1096)
	at org.testng.remote.AbstractRemoteTestNG.run(AbstractRemoteTestNG.java:132)
	at org.testng.remote.RemoteTestNG.initAndRun(RemoteTestNG.java:236)
	at org.testng.remote.RemoteTestNG.main(RemoteTestNG.java:81)
]]>
            </full-stacktrace>
          </exception> <!-- java.lang.Exception -->
          <reporter-output>
          </reporter-output>
        </test-method> <!-- negetive_Number_Input -->
        <test-method status="PASS" signature="multiple_delimiters_with_length_one()[pri:0, instance:TestClass@548b7f67]" name="multiple_delimiters_with_length_one" duration-ms="0" started-at="2021-04-21T20:16:40Z" finished-at="2021-04-21T20:16:40Z">
          <reporter-output>
          </reporter-output>
        </test-method> <!-- multiple_delimiters_with_length_one -->
      </class> <!-- TestClass -->
    </test> <!-- Default test -->
  </suite> <!-- Default suite -->
</testng-results>
